This is pdfTeX, Version 3.14159265-2.6-1.40.21 (MiKTeX 20.11) (preloaded format=pdflatex 2020.11.2)  3 NOV 2020 01:13
entering extended mode
**"./Howl's Moving Castle.tex"
("Howl's Moving Castle.tex"
LaTeX2e <2020-10-01> patch level 2
L3 programming layer <2020-10-27> xparse <2020-03-03>
(C:\Users\shrey\AppData\Local\Programs\MiKTeX\tex/latex/base\article.cls
Document Class: article 2020/04/10 v1.4m Standard LaTeX document class
(C:\Users\shrey\AppData\Local\Programs\MiKTeX\tex/latex/base\size11.clo
File: size11.clo 2020/04/10 v1.4m Standard LaTeX file (size option)
)
\c@part=\count175
\c@section=\count176
\c@subsection=\count177
\c@subsubsection=\count178
\c@paragraph=\count179
\c@subparagraph=\count180
\c@figure=\count181
\c@table=\count182
\abovecaptionskip=\skip47
\belowcaptionskip=\skip48
\bibindent=\dimen138
)
(C:\Users\shrey\AppData\Local\Programs\MiKTeX\tex/latex/graphics\graphicx.sty
Package: graphicx 2020/09/09 v1.2b Enhanced LaTeX Graphics (DPC,SPQR)

(C:\Users\shrey\AppData\Local\Programs\MiKTeX\tex/latex/graphics\keyval.sty
Package: keyval 2014/10/28 v1.15 key=value parser (DPC)
\KV@toks@=\toks15
)
(C:\Users\shrey\AppData\Local\Programs\MiKTeX\tex/latex/graphics\graphics.sty
Package: graphics 2020/08/30 v1.4c Standard LaTeX Graphics (DPC,SPQR)

(C:\Users\shrey\AppData\Local\Programs\MiKTeX\tex/latex/graphics\trig.sty
Package: trig 2016/01/03 v1.10 sin cos tan (DPC)
)
(C:\Users\shrey\AppData\Local\Programs\MiKTeX\tex/latex/graphics-cfg\graphics.c
fg
File: graphics.cfg 2016/06/04 v1.11 sample graphics configuration
)
Package graphics Info: Driver file: pdftex.def on input line 105.

(C:\Users\shrey\AppData\Local\Programs\MiKTeX\tex/latex/graphics-def\pdftex.def
File: pdftex.def 2020/10/05 v1.2a Graphics/color driver for pdftex
))
\Gin@req@height=\dimen139
\Gin@req@width=\dimen140
) (C:\Users\shrey\AppData\Local\Programs\MiKTeX\tex/latex/float\float.sty
Package: float 2001/11/08 v1.3d Float enhancements (AL)
\c@float@type=\count183
\float@exts=\toks16
\float@box=\box47
\@float@everytoks=\toks17
\@floatcapt=\box48
)
(C:\Users\shrey\AppData\Local\Programs\MiKTeX\tex/latex/l3backend\l3backend-pdf
tex.def
File: l3backend-pdftex.def 2020-09-24 L3 backend support: PDF output (pdfTeX)
\l__kernel_color_stack_int=\count184
\l__pdf_internal_box=\box49
) ("Howl's Moving Castle.aux")
\openout1 = `"Howl's Moving Castle.aux"'.

LaTeX Font Info:    Checking defaults for OML/cmm/m/it on input line 9.
LaTeX Font Info:    ... okay on input line 9.
LaTeX Font Info:    Checking defaults for OMS/cmsy/m/n on input line 9.
LaTeX Font Info:    ... okay on input line 9.
LaTeX Font Info:    Checking defaults for OT1/cmr/m/n on input line 9.
LaTeX Font Info:    ... okay on input line 9.
LaTeX Font Info:    Checking defaults for T1/cmr/m/n on input line 9.
LaTeX Font Info:    ... okay on input line 9.
LaTeX Font Info:    Checking defaults for TS1/cmr/m/n on input line 9.
LaTeX Font Info:    ... okay on input line 9.
LaTeX Font Info:    Checking defaults for OMX/cmex/m/n on input line 9.
LaTeX Font Info:    ... okay on input line 9.
LaTeX Font Info:    Checking defaults for U/cmr/m/n on input line 9.
LaTeX Font Info:    ... okay on input line 9.

(C:\Users\shrey\AppData\Local\Programs\MiKTeX\tex/context/base/mkii\supp-pdf.mk
ii
[Loading MPS to PDF converter (version 2006.09.02).]
\scratchcounter=\count185
\scratchdimen=\dimen141
\scratchbox=\box50
\nofMPsegments=\count186
\nofMParguments=\count187
\everyMPshowfont=\toks18
\MPscratchCnt=\count188
\MPscratchDim=\dimen142
\MPnumerator=\count189
\makeMPintoPDFobject=\count190
\everyMPtoPDFconversion=\toks19
)
(C:\Users\shrey\AppData\Local\Programs\MiKTeX\tex/latex/epstopdf-pkg\epstopdf-b
ase.sty
Package: epstopdf-base 2020-01-24 v2.11 Base part for package epstopdf
Package epstopdf-base Info: Redefining graphics rule for `.eps' on input line 4
85.
)
LaTeX Font Info:    External font `cmex10' loaded for size
(Font)              <12> on input line 11.
LaTeX Font Info:    External font `cmex10' loaded for size
(Font)              <8> on input line 11.
LaTeX Font Info:    External font `cmex10' loaded for size
(Font)              <6> on input line 11.
<./figures//cleaning.jpg, id=1, 1006.962pt x 540.8205pt>
File: ./figures//cleaning.jpg Graphic file (type jpg)
<use ./figures//cleaning.jpg>
Package pdftex.def Info: ./figures//cleaning.jpg  used on input line 17.
(pdftex.def)             Requested size: 360.0pt x 193.35011pt.
 [1

{C:/Users/shrey/AppData/Local/MiKTeX/pdftex/config/pdftex.map}]
<./figures//relief.jpg, id=9, 1006.962pt x 543.2295pt>
File: ./figures//relief.jpg Graphic file (type jpg)
<use ./figures//relief.jpg>
Package pdftex.def Info: ./figures//relief.jpg  used on input line 28.
(pdftex.def)             Requested size: 360.0pt x 194.21135pt.

[2 <./figures//cleaning.jpg>]
<./figures//adolesence.jpg, id=14, 1008.76875pt x 540.21825pt>
File: ./figures//adolesence.jpg Graphic file (type jpg)
<use ./figures//adolesence.jpg>
Package pdftex.def Info: ./figures//adolesence.jpg  used on input line 35.
(pdftex.def)             Requested size: 360.0pt x 192.78859pt.
<./figures//breakdown.jpg, id=15, 1006.962pt x 537.207pt>
File: ./figures//breakdown.jpg Graphic file (type jpg)
<use ./figures//breakdown.jpg>
Package pdftex.def Info: ./figures//breakdown.jpg  used on input line 42.
(pdftex.def)             Requested size: 360.0pt x 192.05824pt.
 [3 <./figures//relief.jpg> <./figures//adolesence.jpg>]
<./figures//acting_old.jpg, id=19, 1008.76875pt x 542.025pt>
File: ./figures//acting_old.jpg Graphic file (type jpg)
<use ./figures//acting_old.jpg>
Package pdftex.def Info: ./figures//acting_old.jpg  used on input line 49.
(pdftex.def)             Requested size: 360.0pt x 193.43336pt.
<./figures//ancient.jpg, id=20, 1006.962pt x 539.01375pt>
File: ./figures//ancient.jpg Graphic file (type jpg)
<use ./figures//ancient.jpg>
Package pdftex.def Info: ./figures//ancient.jpg  used on input line 56.
(pdftex.def)             Requested size: 360.0pt x 192.70418pt.
 [4 <./figures//breakdown.jpg> <./figures//acting_old.jpg>]
<./figures//blink-and-miss.jpg, id=24, 997.92825pt x 543.2295pt>
File: ./figures//blink-and-miss.jpg Graphic file (type jpg)
<use ./figures//blink-and-miss.jpg>
Package pdftex.def Info: ./figures//blink-and-miss.jpg  used on input line 63.
(pdftex.def)             Requested size: 360.0pt x 195.96863pt.
 [5 <./figures//ancient.jpg> <./figures//blink-and-miss.jpg>] [6] [7]
("Howl's Moving Castle.aux") ) 
Here is how much of TeX's memory you used:
 1287 strings out of 479799
 20353 string characters out of 2869723
 290557 words of memory out of 3000000
 18306 multiletter control sequences out of 15000+200000
 538769 words of font info for 41 fonts, out of 3000000 for 9000
 1141 hyphenation exceptions out of 8191
 66i,6n,72p,1532b,210s stack positions out of 5000i,500n,10000p,200000b,50000s
<C:/Users/shrey/AppData/Local/Programs/MiKTeX/fon
ts/type1/public/amsfonts/cm/cmr10.pfb><C:/Users/shrey/AppData/Local/Programs/Mi
KTeX/fonts/type1/public/amsfonts/cm/cmr12.pfb><C:/Users/shrey/AppData/Local/Pro
grams/MiKTeX/fonts/type1/public/amsfonts/cm/cmr17.pfb><C:/Users/shrey/AppData/L
ocal/Programs/MiKTeX/fonts/type1/public/amsfonts/cm/cmti10.pfb>
Output written on "Howl's Moving Castle.pdf" (7 pages, 1733523 bytes).
PDF statistics:
 49 PDF objects out of 1000 (max. 8388607)
 0 named destinations out of 1000 (max. 500000)
 36 words of extra memory for PDF output out of 10000 (max. 10000000)

